[2026-06-22 00:00:37] connect_intranet: connexion réussie
[2026-06-22 00:00:37] AppConfig: charge 2 clefs depuis PostgreSQL
[2026-06-22 00:01:12] connect_intranet: connexion réussie
[2026-06-22 00:01:12] AppConfig: charge 2 clefs depuis PostgreSQL
[2026-06-22 00:01:41] connect_intranet: connexion réussie
[2026-06-22 00:01:41] Connexion Intranet : Patrice LABONNE (SUPERVISEUR)
[2026-06-22 00:01:45] DataLoader.get_unit_periods: ERREUR:  la colonne up.fk_language n'existe pas
LINE 3:                        up.fk_language
                               ^
HINT:  Peut-être que vous souhaitiez référencer la colonne « up.fk_language_id ».

[2026-06-22 00:09:38] connect_intranet: connexion réussie
[2026-06-22 00:09:38] AppConfig: charge 2 clefs depuis PostgreSQL
[2026-06-22 00:50:15] connect_intranet: connexion réussie
[2026-06-22 00:50:15] AppConfig: charge 2 clefs depuis PostgreSQL
[2026-06-22 00:50:43] connect_intranet: connexion réussie
[2026-06-22 00:50:59] connect_intranet: connexion réussie
[2026-06-22 00:50:59] Connexion Intranet : Patrice LABONNE (SUPERVISEUR)
[2026-06-22 00:51:00] DataLoader.get_unit_periods: ERREUR:  la colonne up.fk_language n'existe pas
LINE 3:                        up.fk_language
                               ^
HINT:  Peut-être que vous souhaitiez référencer la colonne « up.fk_language_id ».

[2026-06-22 00:55:26] connect_intranet: connexion réussie
[2026-06-22 00:55:26] AppConfig: charge 2 clefs depuis PostgreSQL
[2026-06-22 00:56:09] connect_intranet: connexion réussie
[2026-06-22 00:56:09] Connexion Intranet : Patrice LABONNE (SUPERVISEUR)
[2026-06-22 00:56:10] DataLoader.get_unit_periods: ERREUR:  la colonne up.fk_language n'existe pas
LINE 3:                        up.fk_language
                               ^
HINT:  Peut-être que vous souhaitiez référencer la colonne « up.fk_language_id ».

[2026-06-22 00:58:59] connect_intranet: connexion réussie
[2026-06-22 00:58:59] AppConfig: charge 2 clefs depuis PostgreSQL
[2026-06-22 00:59:18] connect_intranet: connexion réussie
[2026-06-22 00:59:18] Connexion Intranet : Patrice LABONNE (SUPERVISEUR)
[2026-06-22 00:59:19] DataLoader.get_unit_periods: ERREUR:  la colonne up.fk_language n'existe pas
LINE 3:                        up.fk_language
                               ^
HINT:  Peut-être que vous souhaitiez référencer la colonne « up.fk_language_id ».

[2026-06-22 01:01:03] connect_intranet: connexion réussie
